C51 COMPILER V9.56.0.0   QUEST_2                                                           11/09/2017 18:40:23 PAGE 1   


C51 COMPILER V9.56.0.0, COMPILATION OF MODULE QUEST_2
OBJECT MODULE PLACED IN .\Objects\quest_2.obj
COMPILER INVOKED BY: C:\Keil_v5\C51\BIN\C51.EXE quest_2.c OPTIMIZE(8,SPEED) BROWSE DEBUG OBJECTEXTEND PRINT(.\Listings\q
                    -uest_2.lst) TABS(2) OBJECT(.\Objects\quest_2.obj)

line level    source

   1          #include<at89x52.h>
   2          #define esteira_caixa P0_0
   3          #define esteira_produto P0_1
   4           
   5          int cont0, cont1, quantidade = 0;
   6          void nova_caixa(void) interrupt 3{
   7   1      //TR0 = 0;
   8   1      TR1 = 0; //Timer 1 Run Control  desativado
   9   1      TH1 = 0x3C; //recarga
  10   1      TL1 = 0xAF; 
  11   1      TR1 = 1; //Timer 1 Run Control ativado
  12   1      cont1++;
  13   1        if(cont1 == 12000){
  14   2          esteira_produto = 0;
  15   2          esteira_caixa = 1;
  16   2          cont1 = 0;
  17   2        }
  18   1      }
  19          
  20          void produto_caixa(void) interrupt 1{
  21   1      TR0 = 0; 
  22   1      TH0 = 0x3C;
  23   1      TL0 = 0xAF; 
  24   1      TR0 = 1; 
  25   1        cont0++;
  26   1        if(cont0==100){ 
  27   2          esteira_produto = 1;
  28   2          esteira_caixa = 0;
  29   2          quantidade++;
  30   2          cont0=0;
  31   2        }
  32   1      }
  33          main(){
  34   1        P0 = 0;
  35   1        EA = 1; 
  36   1        ET0 = 1; 
  37   1        ET1 = 1; 
  38   1        TMOD = 1;
  39   1        TR0 = 1;
  40   1      
  41   1        while(1){
  42   2          if(quantidade != 10){
  43   3          TR1 = 1;
  44   3          quantidade = 0;
  45   3        }
  46   2      }
  47   1      }


MODULE INFORMATION:   STATIC OVERLAYABLE
   CODE SIZE        =    123    ----
   CONSTANT SIZE    =   ----    ----
   XDATA SIZE       =   ----    ----
   PDATA SIZE       =   ----    ----
C51 COMPILER V9.56.0.0   QUEST_2                                                           11/09/2017 18:40:23 PAGE 2   

   DATA SIZE        =      6    ----
   IDATA SIZE       =   ----    ----
   BIT SIZE         =   ----    ----
END OF MODULE INFORMATION.


C51 COMPILATION COMPLETE.  0 WARNING(S),  0 ERROR(S)
