C51 COMPILER V9.56.0.0   PRIMEIROEXO                                                       11/09/2017 17:29:02 PAGE 1   


C51 COMPILER V9.56.0.0, COMPILATION OF MODULE PRIMEIROEXO
OBJECT MODULE PLACED IN .\Objects\PrimeiroExo.obj
COMPILER INVOKED BY: C:\Keil_v5\C51\BIN\C51.EXE ..\Ewellyibukun\PrimeiroExo.c OPTIMIZE(8,SPEED) BROWSE DEBUG OBJECTEXTEN
                    -D PRINT(.\Listings\PrimeiroExo.lst) TABS(2) OBJECT(.\Objects\PrimeiroExo.obj)

line level    source

   1          #include<at89x52.h>
   2          #define Cha P2_0
   3          #define Cafe P2_1
   4          #define PresencaDeCopo P1_0
   5          #define DeramandoLiquido P1_1
   6          
   7          void delay(ms){
   8   1        int i;
   9   1          for (i=0;i<=ms;i++){
  10   2          ;
  11   2        }
  12   1          for (i=0;i<=ms;i++){
  13   2          ;
  14   2        }
  15   1          for (i=0;i<=ms;i++){
  16   2          ;
  17   2        }
  18   1            for (i=0;i<=ms;i++){
  19   2          ;
  20   2        }
  21   1      }
  22          
  23          void acionarPedido()interrupt 0{
  24   1        
  25   1        if ((Cha == 1)&&(Cafe == 0)){
  26   2          PresencaDeCopo = 1;
  27   2          DeramandoLiquido = 1;
  28   2          delay(20000);
  29   2          DeramandoLiquido = 0;
  30   2          PresencaDeCopo = 0;
  31   2          Cha =0;
  32   2        }else
  33   1        if ((Cha == 0)&&(Cafe == 1)){
  34   2          PresencaDeCopo = 1;
  35   2          DeramandoLiquido = 1;
  36   2          delay(20000);
  37   2          DeramandoLiquido = 0;
  38   2          PresencaDeCopo = 0;
  39   2          Cafe =0;
  40   2        }
  41   1      }
  42          
  43          void main (){
  44   1        P2=0;
  45   1        P1=0;
  46   1        EA=1;
  47   1        EX0=1;
  48   1        while (1){
  49   2          
  50   2        }
  51   1      
  52   1      }


C51 COMPILER V9.56.0.0   PRIMEIROEXO                                                       11/09/2017 17:29:02 PAGE 2   

MODULE INFORMATION:   STATIC OVERLAYABLE
   CODE SIZE        =    176    ----
   CONSTANT SIZE    =   ----    ----
   XDATA SIZE       =   ----    ----
   PDATA SIZE       =   ----    ----
   DATA SIZE        =   ----    ----
   IDATA SIZE       =   ----    ----
   BIT SIZE         =   ----    ----
END OF MODULE INFORMATION.


C51 COMPILATION COMPLETE.  0 WARNING(S),  0 ERROR(S)
