C51 COMPILER V9.56.0.0   QUEST_1                                                           11/09/2017 17:27:11 PAGE 1   


C51 COMPILER V9.56.0.0, COMPILATION OF MODULE QUEST_1
OBJECT MODULE PLACED IN .\Objects\quest-1.obj
COMPILER INVOKED BY: C:\Keil_v5\C51\BIN\C51.EXE quest-1.c OPTIMIZE(8,SPEED) BROWSE DEBUG OBJECTEXTEND PRINT(.\Listings\q
                    -uest-1.lst) TABS(2) OBJECT(.\Objects\quest-1.obj)

line level    source

   1          #include<at89x52.h>
   2          #define Cha P2_0
   3          #define Cafe P2_1
   4          #define PresencaDeCopo P1_0
   5          #define DeramandoLiquido P1_1
   6          
   7          
   8          void delay(ms){
   9   1        int i;
  10   1          for (i=0;i<=4*ms;i++){
  11   2          ;
  12   2          }
  13   1      }
  14          
  15          void acionarPedido()interrupt 0{
  16   1        
  17   1        if ((Cha == 1)&&(Cafe == 0)){
  18   2          PresencaDeCopo = 1;
  19   2          DeramandoLiquido = 1;
  20   2          delay(20000);
  21   2          DeramandoLiquido = 0;
  22   2          PresencaDeCopo = 0;
  23   2          Cha = 0;
  24   2        }else
  25   1        if ((Cha == 0)&&(Cafe == 1)){
  26   2          PresencaDeCopo = 1;
  27   2          DeramandoLiquido = 1;
  28   2          delay(20000);
  29   2          DeramandoLiquido = 0;
  30   2          PresencaDeCopo = 0;
  31   2          Cafe =0;
  32   2        }
  33   1      }
  34          
  35          void main (){
  36   1        P2=0;
  37   1        P1=0;
  38   1        EA=1;
  39   1        EX0=1;
  40   1        while (1){
  41   2        
  42   2        }
  43   1      
  44   1      }


MODULE INFORMATION:   STATIC OVERLAYABLE
   CODE SIZE        =    132    ----
   CONSTANT SIZE    =   ----    ----
   XDATA SIZE       =   ----    ----
   PDATA SIZE       =   ----    ----
   DATA SIZE        =   ----    ----
   IDATA SIZE       =   ----    ----
   BIT SIZE         =   ----    ----
C51 COMPILER V9.56.0.0   QUEST_1                                                           11/09/2017 17:27:11 PAGE 2   

END OF MODULE INFORMATION.


C51 COMPILATION COMPLETE.  0 WARNING(S),  0 ERROR(S)
