C51 COMPILER V9.56.0.0   QUEST_3                                                           11/09/2017 19:44:40 PAGE 1   


C51 COMPILER V9.56.0.0, COMPILATION OF MODULE QUEST_3
OBJECT MODULE PLACED IN .\Objects\quest_3.obj
COMPILER INVOKED BY: C:\Keil_v5\C51\BIN\C51.EXE quest_3.c OPTIMIZE(8,SPEED) BROWSE DEBUG OBJECTEXTEND PRINT(.\Listings\q
                    -uest_3.lst) TABS(2) OBJECT(.\Objects\quest_3.obj)

line level    source

   1          #include<at89x52.h>
   2          #define Cameras P2
   3          #define Camera0 P2_0
   4          #define Camera1 P2_1
   5          #define Camera2 P2_2
   6          #define Camera3 P2_3
   7          
   8          #define Sensors P1
   9          #define Sensor0 P1_0
  10          #define Sensor1 P1_1
  11          #define Sensor2 P1_2
  12          #define Sensor3 P1_3
  13          
  14          
  15          int count0,count1,count2,count3;
  16          
  17          void sensor_verification ()interrupt 1{
  18   1      TR0 = 0; 
  19   1      TH0 = 0x3C;
  20   1      TL0 = 0xAF; 
  21   1      TR0 = 1; 
  22   1        count0++;
  23   1      
  24   1        if(Sensor0==1){
  25   2              Camera0=1;
  26   2              Camera1=0;
  27   2              Camera2=0;
  28   2              Camera3=0;
  29   2            }
  30   1        if(Sensor1==1){
  31   2              Camera1=1;
  32   2              Camera0=0;
  33   2              Camera2=0;
  34   2              Camera3=0;
  35   2            }
  36   1        if(Sensor2==1){
  37   2              Camera2=1;
  38   2              Camera1=0;
  39   2              Camera0=0;
  40   2              Camera3=0;
  41   2            }
  42   1        if(Sensor3==1){
  43   2              Camera3=1;
  44   2              Camera1=0;
  45   2              Camera2=0;
  46   2              Camera0=0;
  47   2            } 
  48   1        
  49   1        if((count0<60)){
  50   2          Camera0=1;
  51   2        }
  52   1        if((count0>=60)&&(count0<120)){
  53   2              Camera3=0;
  54   2            
C51 COMPILER V9.56.0.0   QUEST_3                                                           11/09/2017 19:44:40 PAGE 2   

  55   2        }
  56   1        if((count0>=120)&&(count0<180)){
  57   2              Camera1=1;
  58   2              Camera0=0;
  59   2            
  60   2        }
  61   1        
  62   1        if((count0>=180)&&(count0<240)){
  63   2              Camera2=1;
  64   2              Camera1=0;
  65   2            
  66   2        }
  67   1        
  68   1        if((count0>=240)&&(count0<300)){
  69   2              Camera3=1;
  70   2              Camera2=0;
  71   2                
  72   2        }
  73   1        if (count0==300){
  74   2          Camera3=0;
  75   2          count0=0;
  76   2        }
  77   1      }
  78          
  79          
  80          
  81          void main (){
  82   1        P0=0;
  83   1        Cameras = 0;
  84   1        Sensors = 0;
  85   1        EA=1;
  86   1        EX0=1;
  87   1        ET0 = 1; 
  88   1        TMOD = 1;
  89   1      
  90   1        while (1){
  91   2            TR0 = 1;
  92   2        }
  93   1        
  94   1      }


MODULE INFORMATION:   STATIC OVERLAYABLE
   CODE SIZE        =    238    ----
   CONSTANT SIZE    =   ----    ----
   XDATA SIZE       =   ----    ----
   PDATA SIZE       =   ----    ----
   DATA SIZE        =      8    ----
   IDATA SIZE       =   ----    ----
   BIT SIZE         =   ----    ----
END OF MODULE INFORMATION.


C51 COMPILATION COMPLETE.  0 WARNING(S),  0 ERROR(S)
